  Building 'DBKKernel' with toolset 'WindowsKernelModeDriver10.0' and the 'Desktop' target platform.
  Stamping x64\Releasewithoutsig\DBK64.inf
  Stamping [Version] section with DriverVer=10/05/2024,15.42.8.42
  Assembling amd64\dbkfunca.asm...
  Assembling amd64\debuggera.asm...
  Assembling amd64\noexceptionsa.asm...
  Assembling amd64\ultimapa.asm...
  Assembling amd64\vmxhelpera.asm...
  Assembling amd64\vmxoffloada.asm...
  DBKDrvr.c
C:\Users\quang\Desktop\cheat-engine\DBKKernel\DBKDrvr.c(222,22): warning C4996: 'ExAllocatePool': ExAllocatePool is deprecated, use ExAllocatePool2.
C:\Users\quang\Desktop\cheat-engine\DBKKernel\DBKDrvr.c(223,22): warning C4996: 'ExAllocatePool': ExAllocatePool is deprecated, use ExAllocatePool2.
C:\Users\quang\Desktop\cheat-engine\DBKKernel\DBKDrvr.c(224,28): warning C4996: 'ExAllocatePool': ExAllocatePool is deprecated, use ExAllocatePool2.
C:\Users\quang\Desktop\cheat-engine\DBKKernel\DBKDrvr.c(225,27): warning C4996: 'ExAllocatePool': ExAllocatePool is deprecated, use ExAllocatePool2.
  DBKFunc.c
C:\Users\quang\Desktop\cheat-engine\DBKKernel\DBKFunc.c(103,8): warning C4996: 'ExAllocatePool': ExAllocatePool is deprecated, use ExAllocatePool2.
C:\Users\quang\Desktop\cheat-engine\DBKKernel\DBKFunc.c(137,6): warning C4996: 'ExAllocatePool': ExAllocatePool is deprecated, use ExAllocatePool2.
C:\Users\quang\Desktop\cheat-engine\DBKKernel\DBKFunc.c(197,8): warning C4996: 'ExAllocatePool': ExAllocatePool is deprecated, use ExAllocatePool2.
  debugger.c
C:\Users\quang\Desktop\cheat-engine\DBKKernel\debugger.c(208,25): warning C4996: 'ExAllocatePool': ExAllocatePool is deprecated, use ExAllocatePool2.
C:\Users\quang\Desktop\cheat-engine\DBKKernel\debugger.c(214,28): warning C4996: 'ExAllocatePool': ExAllocatePool is deprecated, use ExAllocatePool2.
C:\Users\quang\Desktop\cheat-engine\DBKKernel\debugger.c(251,29): warning C4996: 'ExAllocatePool': ExAllocatePool is deprecated, use ExAllocatePool2.
C:\Users\quang\Desktop\cheat-engine\DBKKernel\debugger.c(260,33): warning C4996: 'ExAllocatePool': ExAllocatePool is deprecated, use ExAllocatePool2.
  deepkernel.c
  interruptHook.c
  IOPLDispatcher.c
C:\Users\quang\Desktop\cheat-engine\DBKKernel\IOPLDispatcher.c(93,9): warning C4996: 'ExAllocatePool': ExAllocatePool is deprecated, use ExAllocatePool2.
C:\Users\quang\Desktop\cheat-engine\DBKKernel\IOPLDispatcher.c(138,9): warning C4996: 'ExAllocatePool': ExAllocatePool is deprecated, use ExAllocatePool2.
C:\Users\quang\Desktop\cheat-engine\DBKKernel\IOPLDispatcher.c(287,9): warning C4996: 'ExAllocatePool': ExAllocatePool is deprecated, use ExAllocatePool2.
C:\Users\quang\Desktop\cheat-engine\DBKKernel\IOPLDispatcher.c(1308,13): warning C4996: 'ExAllocatePool': ExAllocatePool is deprecated, use ExAllocatePool2.
C:\Users\quang\Desktop\cheat-engine\DBKKernel\IOPLDispatcher.c(2458,11): warning C4996: 'ExAllocatePool': ExAllocatePool is deprecated, use ExAllocatePool2.
C:\Users\quang\Desktop\cheat-engine\DBKKernel\IOPLDispatcher.c(2461,18): warning C4996: 'ExAllocatePool': ExAllocatePool is deprecated, use ExAllocatePool2.
  memscan.c
C:\Users\quang\Desktop\cheat-engine\DBKKernel\memscan.c(813,8): warning C4996: 'ExAllocatePool': ExAllocatePool is deprecated, use ExAllocatePool2.
  noexceptions.c
C:\Users\quang\Desktop\cheat-engine\DBKKernel\noexceptions.c(48,15): warning C4996: 'ExAllocatePool': ExAllocatePool is deprecated, use ExAllocatePool2.
C:\Users\quang\Desktop\cheat-engine\DBKKernel\noexceptions.c(55,42): warning C4996: 'ExAllocatePool': ExAllocatePool is deprecated, use ExAllocatePool2.
  processlist.c
C:\Users\quang\Desktop\cheat-engine\DBKKernel\processlist.c(199,28): warning C4996: 'ExAllocatePool': ExAllocatePool is deprecated, use ExAllocatePool2.
C:\Users\quang\Desktop\cheat-engine\DBKKernel\processlist.c(274,25): warning C4996: 'ExAllocatePool': ExAllocatePool is deprecated, use ExAllocatePool2.
  threads.c
  ultimap.c
C:\Users\quang\Desktop\cheat-engine\DBKKernel\ultimap.c(148,13): warning C4996: 'ExAllocatePool': ExAllocatePool is deprecated, use ExAllocatePool2.
C:\Users\quang\Desktop\cheat-engine\DBKKernel\ultimap.c(254,8): warning C4996: 'ExAllocatePool': ExAllocatePool is deprecated, use ExAllocatePool2.
C:\Users\quang\Desktop\cheat-engine\DBKKernel\ultimap.c(521,20): warning C4996: 'ExAllocatePool': ExAllocatePool is deprecated, use ExAllocatePool2.
C:\Users\quang\Desktop\cheat-engine\DBKKernel\ultimap.c(696,12): warning C4996: 'ExAllocatePool': ExAllocatePool is deprecated, use ExAllocatePool2.
C:\Users\quang\Desktop\cheat-engine\DBKKernel\ultimap.c(697,23): warning C4996: 'ExAllocatePool': ExAllocatePool is deprecated, use ExAllocatePool2.
  ultimap2.c
C:\Users\quang\Desktop\cheat-engine\DBKKernel\ultimap2.c(198,15): warning C4996: 'ExAllocatePool': ExAllocatePool is deprecated, use ExAllocatePool2.
C:\Users\quang\Desktop\cheat-engine\DBKKernel\ultimap2.c(1003,9): warning C4996: 'ExAllocatePool': ExAllocatePool is deprecated, use ExAllocatePool2.
C:\Users\quang\Desktop\cheat-engine\DBKKernel\ultimap2.c(1154,7): warning C4996: 'ExAllocatePool': ExAllocatePool is deprecated, use ExAllocatePool2.
C:\Users\quang\Desktop\cheat-engine\DBKKernel\ultimap2.c(1169,19): warning C4996: 'ExAllocatePool': ExAllocatePool is deprecated, use ExAllocatePool2.
C:\Users\quang\Desktop\cheat-engine\DBKKernel\ultimap2.c(1176,7): warning C4996: 'ExAllocatePool': ExAllocatePool is deprecated, use ExAllocatePool2.
C:\Users\quang\Desktop\cheat-engine\DBKKernel\ultimap2.c(1189,6): warning C4996: 'ExAllocatePool': ExAllocatePool is deprecated, use ExAllocatePool2.
C:\Users\quang\Desktop\cheat-engine\DBKKernel\ultimap2.c(1377,20): warning C4996: 'ExAllocatePool': ExAllocatePool is deprecated, use ExAllocatePool2.
C:\Users\quang\Desktop\cheat-engine\DBKKernel\ultimap2.c(1459,10): warning C4996: 'ExAllocatePool': ExAllocatePool is deprecated, use ExAllocatePool2.
C:\Users\quang\Desktop\cheat-engine\DBKKernel\ultimap2.c(1460,23): warning C4996: 'ExAllocatePool': ExAllocatePool is deprecated, use ExAllocatePool2.
C:\Users\quang\Desktop\cheat-engine\DBKKernel\ultimap2.c(1476,14): warning C4996: 'ExAllocatePool': ExAllocatePool is deprecated, use ExAllocatePool2.
C:\Users\quang\Desktop\cheat-engine\DBKKernel\ultimap2.c(1688,3): warning C4090: 'function': different 'volatile' qualifiers
  apic.c
  vmxhelper.c
  vmxoffload.c
C:\Users\quang\Desktop\cheat-engine\DBKKernel\vmxoffload.c(520,29): warning C4996: 'ExAllocatePool': ExAllocatePool is deprecated, use ExAllocatePool2.
C:\Users\quang\Desktop\cheat-engine\DBKKernel\vmxoffload.c(625,22): warning C4996: 'ExAllocatePool': ExAllocatePool is deprecated, use ExAllocatePool2.
C:\Users\quang\Desktop\cheat-engine\DBKKernel\vmxoffload.c(985,14): warning C4996: 'ExAllocatePool': ExAllocatePool is deprecated, use ExAllocatePool2.
  Generating Code...
  DBKKernel.vcxproj -> C:\Users\quang\Desktop\cheat-engine\Cheat Engine\bin\DBK64.sys
  
  The following certificates were considered:
      Issued to: WDKTestCert quang,133726129336099544
  
      Issued by: WDKTestCert quang,133726129336099544
  
      Expires:   Thu Oct 05 01:00:00 2034
  
      SHA1 hash: C8688092A82A211424D2DFAC4FBAD7E7605D3EB5
  
  
  After EKU filter, 1 certs were left.
  After expiry filter, 1 certs were left.
  After Hash filter, 1 certs were left.
  After Private Key filter, 1 certs were left.
  The following certificate was selected:
      Issued to: WDKTestCert quang,133726129336099544
  
      Issued by: WDKTestCert quang,133726129336099544
  
      Expires:   Thu Oct 05 01:00:00 2034
  
      SHA1 hash: C8688092A82A211424D2DFAC4FBAD7E7605D3EB5
  
  
  Done Adding Additional Store
  Successfully signed: C:\Users\quang\Desktop\cheat-engine\Cheat Engine\bin\DBK64.sys
  
  
  Number of files successfully Signed: 1
  
  Number of warnings: 0
  
  Number of errors: 0
  
